<?xml version="1.0" encoding="UTF-8"?>
<testng-results skipped="0" failed="0" total="17" passed="17">
  <reporter-output>
  </reporter-output>
  <suite name="Command line suite" duration-ms="200" started-at="2017-11-08T11:05:09Z" finished-at="2017-11-08T11:05:09Z">
    <groups>
    </groups>
    <test name="Command line test" duration-ms="200" started-at="2017-11-08T11:05:09Z" finished-at="2017-11-08T11:05:09Z">
      <class name="com.websystique.springmvc.controller.AppControllerTest">
        <test-method status="PASS" signature="setUp()[pri:0, instance:com.websystique.springmvc.controller.AppControllerTest@6aaa5eb0]" name="setUp" is-config="true" duration-ms="172" started-at="2017-11-08T18:05:09Z" finished-at="2017-11-08T18:05:09Z">
          <reporter-output>
          </reporter-output>
        </test-method> <!-- setUp -->
        <test-method status="PASS" signature="deleteEmployee()[pri:0, instance:com.websystique.springmvc.controller.AppControllerTest@6aaa5eb0]" name="deleteEmployee" duration-ms="5" started-at="2017-11-08T18:05:09Z" finished-at="2017-11-08T18:05:09Z">
          <reporter-output>
          </reporter-output>
        </test-method> <!-- deleteEmployee -->
        <test-method status="PASS" signature="editEmployee()[pri:0, instance:com.websystique.springmvc.controller.AppControllerTest@6aaa5eb0]" name="editEmployee" duration-ms="2" started-at="2017-11-08T18:05:09Z" finished-at="2017-11-08T18:05:09Z">
          <reporter-output>
          </reporter-output>
        </test-method> <!-- editEmployee -->
        <test-method status="PASS" signature="listEmployees()[pri:0, instance:com.websystique.springmvc.controller.AppControllerTest@6aaa5eb0]" name="listEmployees" duration-ms="1" started-at="2017-11-08T18:05:09Z" finished-at="2017-11-08T18:05:09Z">
          <reporter-output>
          </reporter-output>
        </test-method> <!-- listEmployees -->
        <test-method status="PASS" signature="saveEmployeeWithSuccess()[pri:0, instance:com.websystique.springmvc.controller.AppControllerTest@6aaa5eb0]" name="saveEmployeeWithSuccess" duration-ms="1" started-at="2017-11-08T18:05:09Z" finished-at="2017-11-08T18:05:09Z">
          <reporter-output>
          </reporter-output>
        </test-method> <!-- saveEmployeeWithSuccess -->
        <test-method status="PASS" signature="newEmployee()[pri:0, instance:com.websystique.springmvc.controller.AppControllerTest@6aaa5eb0]" name="newEmployee" duration-ms="0" started-at="2017-11-08T18:05:09Z" finished-at="2017-11-08T18:05:09Z">
          <reporter-output>
          </reporter-output>
        </test-method> <!-- newEmployee -->
        <test-method status="PASS" signature="saveEmployeeWithValidationError()[pri:0, instance:com.websystique.springmvc.controller.AppControllerTest@6aaa5eb0]" name="saveEmployeeWithValidationError" duration-ms="1" started-at="2017-11-08T18:05:09Z" finished-at="2017-11-08T18:05:09Z">
          <reporter-output>
          </reporter-output>
        </test-method> <!-- saveEmployeeWithValidationError -->
        <test-method status="PASS" signature="saveEmployeeWithValidationErrorNonUniqueSSN()[pri:0, instance:com.websystique.springmvc.controller.AppControllerTest@6aaa5eb0]" name="saveEmployeeWithValidationErrorNonUniqueSSN" duration-ms="0" started-at="2017-11-08T18:05:09Z" finished-at="2017-11-08T18:05:09Z">
          <reporter-output>
          </reporter-output>
        </test-method> <!-- saveEmployeeWithValidationErrorNonUniqueSSN -->
        <test-method status="PASS" signature="updateEmployeeWithSuccess()[pri:0, instance:com.websystique.springmvc.controller.AppControllerTest@6aaa5eb0]" name="updateEmployeeWithSuccess" duration-ms="0" started-at="2017-11-08T18:05:09Z" finished-at="2017-11-08T18:05:09Z">
          <reporter-output>
          </reporter-output>
        </test-method> <!-- updateEmployeeWithSuccess -->
        <test-method status="PASS" signature="updateEmployeeWithValidationError()[pri:0, instance:com.websystique.springmvc.controller.AppControllerTest@6aaa5eb0]" name="updateEmployeeWithValidationError" duration-ms="0" started-at="2017-11-08T18:05:09Z" finished-at="2017-11-08T18:05:09Z">
          <reporter-output>
          </reporter-output>
        </test-method> <!-- updateEmployeeWithValidationError -->
        <test-method status="PASS" signature="updateEmployeeWithValidationErrorNonUniqueSSN()[pri:0, instance:com.websystique.springmvc.controller.AppControllerTest@6aaa5eb0]" name="updateEmployeeWithValidationErrorNonUniqueSSN" duration-ms="0" started-at="2017-11-08T18:05:09Z" finished-at="2017-11-08T18:05:09Z">
          <reporter-output>
          </reporter-output>
        </test-method> <!-- updateEmployeeWithValidationErrorNonUniqueSSN -->
      </class> <!-- com.websystique.springmvc.controller.AppControllerTest -->
      <class name="com.websystique.springmvc.service.EmployeeServiceImplTest">
        <test-method status="PASS" signature="setUp()[pri:0, instance:com.websystique.springmvc.service.EmployeeServiceImplTest@42d3bd8b]" name="setUp" is-config="true" duration-ms="1" started-at="2017-11-08T18:05:09Z" finished-at="2017-11-08T18:05:09Z">
          <reporter-output>
          </reporter-output>
        </test-method> <!-- setUp -->
        <test-method status="PASS" signature="deleteEmployeeBySsn()[pri:0, instance:com.websystique.springmvc.service.EmployeeServiceImplTest@42d3bd8b]" name="deleteEmployeeBySsn" duration-ms="1" started-at="2017-11-08T18:05:09Z" finished-at="2017-11-08T18:05:09Z">
          <reporter-output>
          </reporter-output>
        </test-method> <!-- deleteEmployeeBySsn -->
        <test-method status="PASS" signature="findAllEmployees()[pri:0, instance:com.websystique.springmvc.service.EmployeeServiceImplTest@42d3bd8b]" name="findAllEmployees" duration-ms="0" started-at="2017-11-08T18:05:09Z" finished-at="2017-11-08T18:05:09Z">
          <reporter-output>
          </reporter-output>
        </test-method> <!-- findAllEmployees -->
        <test-method status="PASS" signature="findEmployeeBySsn()[pri:0, instance:com.websystique.springmvc.service.EmployeeServiceImplTest@42d3bd8b]" name="findEmployeeBySsn" duration-ms="1" started-at="2017-11-08T18:05:09Z" finished-at="2017-11-08T18:05:09Z">
          <reporter-output>
          </reporter-output>
        </test-method> <!-- findEmployeeBySsn -->
        <test-method status="PASS" signature="findById()[pri:0, instance:com.websystique.springmvc.service.EmployeeServiceImplTest@42d3bd8b]" name="findById" duration-ms="0" started-at="2017-11-08T18:05:09Z" finished-at="2017-11-08T18:05:09Z">
          <reporter-output>
          </reporter-output>
        </test-method> <!-- findById -->
        <test-method status="PASS" signature="isEmployeeSsnUnique()[pri:0, instance:com.websystique.springmvc.service.EmployeeServiceImplTest@42d3bd8b]" name="isEmployeeSsnUnique" duration-ms="0" started-at="2017-11-08T18:05:09Z" finished-at="2017-11-08T18:05:09Z">
          <reporter-output>
          </reporter-output>
        </test-method> <!-- isEmployeeSsnUnique -->
        <test-method status="PASS" signature="saveEmployee()[pri:0, instance:com.websystique.springmvc.service.EmployeeServiceImplTest@42d3bd8b]" name="saveEmployee" duration-ms="1" started-at="2017-11-08T18:05:09Z" finished-at="2017-11-08T18:05:09Z">
          <reporter-output>
          </reporter-output>
        </test-method> <!-- saveEmployee -->
        <test-method status="PASS" signature="updateEmployee()[pri:0, instance:com.websystique.springmvc.service.EmployeeServiceImplTest@42d3bd8b]" name="updateEmployee" duration-ms="1" started-at="2017-11-08T18:05:09Z" finished-at="2017-11-08T18:05:09Z">
          <reporter-output>
          </reporter-output>
        </test-method> <!-- updateEmployee -->
      </class> <!-- com.websystique.springmvc.service.EmployeeServiceImplTest -->
    </test> <!-- Command line test -->
  </suite> <!-- Command line suite -->
</testng-results>
